<?xml version="1.0" encoding="UTF-8"?>
<coverage generated="1573067381682" clover="3.2.0">
  <project timestamp="1573067381683" name="All files">
    <metrics statements="61" coveredstatements="32" conditionals="2" coveredconditionals="0" methods="36" coveredmethods="12" elements="99" coveredelements="44" complexity="0" loc="61" ncloc="61" packages="2" files="12" classes="12"/>
    <package name="2wheeledTraveler">
      <metrics statements="5" coveredstatements="5" conditionals="0" coveredconditionals="0" methods="1" coveredmethods="1"/>
      <file name="App.js" path="/Users/annatruelove/2wheeledTraveler/App.js">
        <metrics statements="1" coveredstatements="1" conditionals="0" coveredconditionals="0" methods="1" coveredmethods="1"/>
        <line num="7" count="1" type="stmt"/>
      </file>
      <file name="AppNavigator.js" path="/Users/annatruelove/2wheeledTraveler/AppNavigator.js">
        <metrics statements="1" coveredstatements="1" conditionals="0" coveredconditionals="0" methods="0" coveredmethods="0"/>
        <line num="10" count="1" type="stmt"/>
      </file>
      <file name="SettingsNavigator.js" path="/Users/annatruelove/2wheeledTraveler/SettingsNavigator.js">
        <metrics statements="1" coveredstatements="1" conditionals="0" coveredconditionals="0" methods="0" coveredmethods="0"/>
        <line num="9" count="1" type="stmt"/>
      </file>
      <file name="config.js" path="/Users/annatruelove/2wheeledTraveler/config.js">
        <metrics statements="2" coveredstatements="2" conditionals="0" coveredconditionals="0" methods="0" coveredmethods="0"/>
        <line num="3" count="3" type="stmt"/>
        <line num="14" count="3" type="stmt"/>
      </file>
    </package>
    <package name="2wheeledTraveler.screens">
      <metrics statements="56" coveredstatements="27" conditionals="2" coveredconditionals="0" methods="35" coveredmethods="11"/>
      <file name="ContactScreen.js" path="/Users/annatruelove/2wheeledTraveler/screens/ContactScreen.js">
        <metrics statements="3" coveredstatements="2" conditionals="0" coveredconditionals="0" methods="2" coveredmethods="1"/>
        <line num="5" count="2" type="stmt"/>
        <line num="9" count="1" type="stmt"/>
        <line num="11" count="0" type="stmt"/>
      </file>
      <file name="GasScreen.js" path="/Users/annatruelove/2wheeledTraveler/screens/GasScreen.js">
        <metrics statements="3" coveredstatements="2" conditionals="0" coveredconditionals="0" methods="2" coveredmethods="1"/>
        <line num="5" count="2" type="stmt"/>
        <line num="9" count="1" type="stmt"/>
        <line num="11" count="0" type="stmt"/>
      </file>
      <file name="LoginScreen.js" path="/Users/annatruelove/2wheeledTraveler/screens/LoginScreen.js">
        <metrics statements="14" coveredstatements="6" conditionals="0" coveredconditionals="0" methods="9" coveredmethods="2"/>
        <line num="7" count="2" type="stmt"/>
        <line num="12" count="2" type="stmt"/>
        <line num="13" count="2" type="stmt"/>
        <line num="19" count="2" type="stmt"/>
        <line num="20" count="0" type="stmt"/>
        <line num="24" count="0" type="stmt"/>
        <line num="26" count="0" type="stmt"/>
        <line num="29" count="0" type="stmt"/>
        <line num="35" count="2" type="stmt"/>
        <line num="48" count="0" type="stmt"/>
        <line num="57" count="0" type="stmt"/>
        <line num="60" count="0" type="stmt"/>
        <line num="64" count="0" type="stmt"/>
        <line num="72" count="2" type="stmt"/>
      </file>
      <file name="MapScreen.js" path="/Users/annatruelove/2wheeledTraveler/screens/MapScreen.js">
        <metrics statements="4" coveredstatements="4" conditionals="0" coveredconditionals="0" methods="2" coveredmethods="2"/>
        <line num="7" count="2" type="stmt"/>
        <line num="12" count="1" type="stmt"/>
        <line num="33" count="1" type="stmt"/>
        <line num="45" count="2" type="stmt"/>
      </file>
      <file name="ProfileScreen.js" path="/Users/annatruelove/2wheeledTraveler/screens/ProfileScreen.js">
        <metrics statements="6" coveredstatements="3" conditionals="0" coveredconditionals="0" methods="4" coveredmethods="1"/>
        <line num="5" count="2" type="stmt"/>
        <line num="10" count="1" type="stmt"/>
        <line num="12" count="0" type="stmt"/>
        <line num="13" count="0" type="stmt"/>
        <line num="14" count="0" type="stmt"/>
        <line num="20" count="2" type="stmt"/>
      </file>
      <file name="RegistrationScreen.js" path="/Users/annatruelove/2wheeledTraveler/screens/RegistrationScreen.js">
        <metrics statements="18" coveredstatements="6" conditionals="2" coveredconditionals="0" methods="10" coveredmethods="2"/>
        <line num="7" count="2" type="stmt"/>
        <line num="12" count="1" type="stmt"/>
        <line num="13" count="1" type="stmt"/>
        <line num="20" count="1" type="stmt"/>
        <line num="21" count="0" type="cond" truecount="0" falsecount="2"/>
        <line num="22" count="0" type="stmt"/>
        <line num="24" count="0" type="stmt"/>
        <line num="28" count="0" type="stmt"/>
        <line num="29" count="0" type="stmt"/>
        <line num="30" count="0" type="stmt"/>
        <line num="33" count="0" type="stmt"/>
        <line num="38" count="1" type="stmt"/>
        <line num="47" count="0" type="stmt"/>
        <line num="56" count="0" type="stmt"/>
        <line num="65" count="0" type="stmt"/>
        <line num="70" count="0" type="stmt"/>
        <line num="73" count="0" type="stmt"/>
        <line num="79" count="2" type="stmt"/>
      </file>
      <file name="SettingsScreen.js" path="/Users/annatruelove/2wheeledTraveler/screens/SettingsScreen.js">
        <metrics statements="5" coveredstatements="2" conditionals="0" coveredconditionals="0" methods="4" coveredmethods="1"/>
        <line num="5" count="2" type="stmt"/>
        <line num="9" count="1" type="stmt"/>
        <line num="11" count="0" type="stmt"/>
        <line num="12" count="0" type="stmt"/>
        <line num="13" count="0" type="stmt"/>
      </file>
      <file name="SpeedScreen.js" path="/Users/annatruelove/2wheeledTraveler/screens/SpeedScreen.js">
        <metrics statements="3" coveredstatements="2" conditionals="0" coveredconditionals="0" methods="2" coveredmethods="1"/>
        <line num="5" count="2" type="stmt"/>
        <line num="9" count="1" type="stmt"/>
        <line num="11" count="0" type="stmt"/>
      </file>
    </package>
  </project>
</coverage>
