{"/Users/annatruelove/2wheeledTraveler/App.js": {"path":"/Users/annatruelove/2wheeledTraveler/App.js","statementMap":{"0":{"start":{"line":7,"column":4},"end":{"line":9,"column":6}}},"fnMap":{"0":{"name":"(anonymous_0)","decl":{"start":{"line":6,"column":2},"end":{"line":6,"column":3}},"loc":{"start":{"line":6,"column":10},"end":{"line":10,"column":3}},"line":6}},"branchMap":{},"s":{"0":1},"f":{"0":1},"b":{},"_coverageSchema":"43e27e138ebf9cfc5966b082cf9a028302ed4184","hash":"3b4883b66fca3da3268570fc26989f8bc92aa129"}
,"/Users/annatruelove/2wheeledTraveler/AppNavigator.js": {"path":"/Users/annatruelove/2wheeledTraveler/AppNavigator.js","statementMap":{"0":{"start":{"line":10,"column":21},"end":{"line":16,"column":8}}},"fnMap":{},"branchMap":{},"s":{"0":1},"f":{},"b":{},"_coverageSchema":"43e27e138ebf9cfc5966b082cf9a028302ed4184","hash":"1a26aa1fbe57713c02c362aab3f08840358530c7"}
,"/Users/annatruelove/2wheeledTraveler/SettingsNavigator.js": {"path":"/Users/annatruelove/2wheeledTraveler/SettingsNavigator.js","statementMap":{"0":{"start":{"line":9,"column":26},"end":{"line":17,"column":8}}},"fnMap":{},"branchMap":{},"s":{"0":1},"f":{},"b":{},"_coverageSchema":"43e27e138ebf9cfc5966b082cf9a028302ed4184","hash":"1946c5e372e2e7e5dd5fe2e80e1958c7f28ee028"}
,"/Users/annatruelove/2wheeledTraveler/config.js": {"path":"/Users/annatruelove/2wheeledTraveler/config.js","statementMap":{"0":{"start":{"line":3,"column":23},"end":{"line":12,"column":3}},"1":{"start":{"line":14,"column":19},"end":{"line":14,"column":57}}},"fnMap":{},"branchMap":{},"s":{"0":3,"1":3},"f":{},"b":{},"_coverageSchema":"43e27e138ebf9cfc5966b082cf9a028302ed4184","hash":"bcd227137613cc932f52a0aed1bd8df04e2e4356"}
,"/Users/annatruelove/2wheeledTraveler/screens/ContactScreen.js": {"path":"/Users/annatruelove/2wheeledTraveler/screens/ContactScreen.js","statementMap":{"0":{"start":{"line":5,"column":31},"end":{"line":7,"column":5}},"1":{"start":{"line":9,"column":8},"end":{"line":13,"column":9}},"2":{"start":{"line":11,"column":31},"end":{"line":11,"column":79}}},"fnMap":{"0":{"name":"(anonymous_0)","decl":{"start":{"line":8,"column":4},"end":{"line":8,"column":5}},"loc":{"start":{"line":8,"column":12},"end":{"line":14,"column":5}},"line":8},"1":{"name":"(anonymous_1)","decl":{"start":{"line":11,"column":25},"end":{"line":11,"column":26}},"loc":{"start":{"line":11,"column":31},"end":{"line":11,"column":79}},"line":11}},"branchMap":{},"s":{"0":2,"1":1,"2":0},"f":{"0":1,"1":0},"b":{},"_coverageSchema":"43e27e138ebf9cfc5966b082cf9a028302ed4184","hash":"219cc6c30e18f351f1e98faa1469caa850d671c0"}
,"/Users/annatruelove/2wheeledTraveler/screens/GasScreen.js": {"path":"/Users/annatruelove/2wheeledTraveler/screens/GasScreen.js","statementMap":{"0":{"start":{"line":5,"column":31},"end":{"line":7,"column":5}},"1":{"start":{"line":9,"column":8},"end":{"line":13,"column":9}},"2":{"start":{"line":11,"column":31},"end":{"line":11,"column":79}}},"fnMap":{"0":{"name":"(anonymous_0)","decl":{"start":{"line":8,"column":4},"end":{"line":8,"column":5}},"loc":{"start":{"line":8,"column":12},"end":{"line":14,"column":5}},"line":8},"1":{"name":"(anonymous_1)","decl":{"start":{"line":11,"column":25},"end":{"line":11,"column":26}},"loc":{"start":{"line":11,"column":31},"end":{"line":11,"column":79}},"line":11}},"branchMap":{},"s":{"0":2,"1":1,"2":0},"f":{"0":1,"1":0},"b":{},"_coverageSchema":"43e27e138ebf9cfc5966b082cf9a028302ed4184","hash":"63e6dac4b709d1a4fa613e04b601fa4cb1866d42"}
,"/Users/annatruelove/2wheeledTraveler/screens/LoginScreen.js": {"path":"/Users/annatruelove/2wheeledTraveler/screens/LoginScreen.js","statementMap":{"0":{"start":{"line":7,"column":31},"end":{"line":9,"column":5}},"1":{"start":{"line":12,"column":8},"end":{"line":12,"column":21}},"2":{"start":{"line":13,"column":8},"end":{"line":16,"column":10}},"3":{"start":{"line":19,"column":12},"end":{"line":32,"column":5}},"4":{"start":{"line":20,"column":8},"end":{"line":30,"column":15}},"5":{"start":{"line":24,"column":16},"end":{"line":24,"column":44}},"6":{"start":{"line":26,"column":16},"end":{"line":26,"column":64}},"7":{"start":{"line":29,"column":16},"end":{"line":29,"column":80}},"8":{"start":{"line":35,"column":8},"end":{"line":68,"column":9}},"9":{"start":{"line":48,"column":51},"end":{"line":48,"column":75}},"10":{"start":{"line":57,"column":54},"end":{"line":57,"column":81}},"11":{"start":{"line":60,"column":86},"end":{"line":60,"column":135}},"12":{"start":{"line":64,"column":82},"end":{"line":64,"column":134}},"13":{"start":{"line":72,"column":15},"end":{"line":93,"column":2}}},"fnMap":{"0":{"name":"(anonymous_0)","decl":{"start":{"line":11,"column":4},"end":{"line":11,"column":5}},"loc":{"start":{"line":11,"column":23},"end":{"line":17,"column":5}},"line":11},"1":{"name":"(anonymous_1)","decl":{"start":{"line":19,"column":12},"end":{"line":19,"column":13}},"loc":{"start":{"line":19,"column":33},"end":{"line":32,"column":5}},"line":19},"2":{"name":"(anonymous_2)","decl":{"start":{"line":23,"column":18},"end":{"line":23,"column":19}},"loc":{"start":{"line":23,"column":25},"end":{"line":27,"column":13}},"line":23},"3":{"name":"(anonymous_3)","decl":{"start":{"line":27,"column":15},"end":{"line":27,"column":16}},"loc":{"start":{"line":27,"column":25},"end":{"line":30,"column":13}},"line":27},"4":{"name":"(anonymous_4)","decl":{"start":{"line":34,"column":4},"end":{"line":34,"column":5}},"loc":{"start":{"line":34,"column":13},"end":{"line":69,"column":5}},"line":34},"5":{"name":"(anonymous_5)","decl":{"start":{"line":48,"column":42},"end":{"line":48,"column":43}},"loc":{"start":{"line":48,"column":51},"end":{"line":48,"column":75}},"line":48},"6":{"name":"(anonymous_6)","decl":{"start":{"line":57,"column":42},"end":{"line":57,"column":43}},"loc":{"start":{"line":57,"column":54},"end":{"line":57,"column":81}},"line":57},"7":{"name":"(anonymous_7)","decl":{"start":{"line":60,"column":80},"end":{"line":60,"column":81}},"loc":{"start":{"line":60,"column":86},"end":{"line":60,"column":135}},"line":60},"8":{"name":"(anonymous_8)","decl":{"start":{"line":64,"column":76},"end":{"line":64,"column":77}},"loc":{"start":{"line":64,"column":82},"end":{"line":64,"column":134}},"line":64}},"branchMap":{},"s":{"0":2,"1":2,"2":2,"3":2,"4":0,"5":0,"6":0,"7":0,"8":2,"9":0,"10":0,"11":0,"12":0,"13":2},"f":{"0":2,"1":0,"2":0,"3":0,"4":2,"5":0,"6":0,"7":0,"8":0},"b":{},"_coverageSchema":"43e27e138ebf9cfc5966b082cf9a028302ed4184","hash":"8b7851f4b6a1f6339ec9b93a669767451456ce6a"}
,"/Users/annatruelove/2wheeledTraveler/screens/MapScreen.js": {"path":"/Users/annatruelove/2wheeledTraveler/screens/MapScreen.js","statementMap":{"0":{"start":{"line":7,"column":31},"end":{"line":9,"column":5}},"1":{"start":{"line":12,"column":8},"end":{"line":24,"column":9}},"2":{"start":{"line":33,"column":8},"end":{"line":41,"column":10}},"3":{"start":{"line":45,"column":15},"end":{"line":84,"column":4}}},"fnMap":{"0":{"name":"(anonymous_0)","decl":{"start":{"line":11,"column":4},"end":{"line":11,"column":5}},"loc":{"start":{"line":11,"column":13},"end":{"line":25,"column":5}},"line":11},"1":{"name":"(anonymous_1)","decl":{"start":{"line":31,"column":4},"end":{"line":31,"column":5}},"loc":{"start":{"line":31,"column":13},"end":{"line":42,"column":5}},"line":31}},"branchMap":{},"s":{"0":2,"1":1,"2":1,"3":2},"f":{"0":1,"1":1},"b":{},"_coverageSchema":"43e27e138ebf9cfc5966b082cf9a028302ed4184","hash":"d27af0187d89a709e28782923162414ce1404e30"}
,"/Users/annatruelove/2wheeledTraveler/screens/ProfileScreen.js": {"path":"/Users/annatruelove/2wheeledTraveler/screens/ProfileScreen.js","statementMap":{"0":{"start":{"line":5,"column":29},"end":{"line":7,"column":3}},"1":{"start":{"line":10,"column":4},"end":{"line":16,"column":5}},"2":{"start":{"line":12,"column":31},"end":{"line":12,"column":76}},"3":{"start":{"line":13,"column":31},"end":{"line":13,"column":74}},"4":{"start":{"line":14,"column":31},"end":{"line":14,"column":79}},"5":{"start":{"line":20,"column":15},"end":{"line":60,"column":2}}},"fnMap":{"0":{"name":"(anonymous_0)","decl":{"start":{"line":9,"column":2},"end":{"line":9,"column":3}},"loc":{"start":{"line":9,"column":11},"end":{"line":17,"column":3}},"line":9},"1":{"name":"(anonymous_1)","decl":{"start":{"line":12,"column":25},"end":{"line":12,"column":26}},"loc":{"start":{"line":12,"column":31},"end":{"line":12,"column":76}},"line":12},"2":{"name":"(anonymous_2)","decl":{"start":{"line":13,"column":25},"end":{"line":13,"column":26}},"loc":{"start":{"line":13,"column":31},"end":{"line":13,"column":74}},"line":13},"3":{"name":"(anonymous_3)","decl":{"start":{"line":14,"column":25},"end":{"line":14,"column":26}},"loc":{"start":{"line":14,"column":31},"end":{"line":14,"column":79}},"line":14}},"branchMap":{},"s":{"0":2,"1":1,"2":0,"3":0,"4":0,"5":2},"f":{"0":1,"1":0,"2":0,"3":0},"b":{},"_coverageSchema":"43e27e138ebf9cfc5966b082cf9a028302ed4184","hash":"80bb1c60c69869deab34c7ae799d72a49b3b2af5"}
,"/Users/annatruelove/2wheeledTraveler/screens/RegistrationScreen.js": {"path":"/Users/annatruelove/2wheeledTraveler/screens/RegistrationScreen.js","statementMap":{"0":{"start":{"line":7,"column":29},"end":{"line":9,"column":3}},"1":{"start":{"line":12,"column":4},"end":{"line":12,"column":17}},"2":{"start":{"line":13,"column":4},"end":{"line":17,"column":6}},"3":{"start":{"line":20,"column":11},"end":{"line":35,"column":3}},"4":{"start":{"line":21,"column":4},"end":{"line":23,"column":5}},"5":{"start":{"line":22,"column":6},"end":{"line":22,"column":51}},"6":{"start":{"line":24,"column":4},"end":{"line":34,"column":9}},"7":{"start":{"line":28,"column":8},"end":{"line":28,"column":31}},"8":{"start":{"line":29,"column":8},"end":{"line":29,"column":47}},"9":{"start":{"line":30,"column":8},"end":{"line":30,"column":56}},"10":{"start":{"line":33,"column":8},"end":{"line":33,"column":62}},"11":{"start":{"line":38,"column":4},"end":{"line":75,"column":5}},"12":{"start":{"line":47,"column":37},"end":{"line":47,"column":61}},"13":{"start":{"line":56,"column":40},"end":{"line":56,"column":67}},"14":{"start":{"line":65,"column":41},"end":{"line":65,"column":69}},"15":{"start":{"line":70,"column":74},"end":{"line":70,"column":146}},"16":{"start":{"line":73,"column":51},"end":{"line":73,"column":96}},"17":{"start":{"line":79,"column":15},"end":{"line":102,"column":2}}},"fnMap":{"0":{"name":"(anonymous_0)","decl":{"start":{"line":11,"column":2},"end":{"line":11,"column":3}},"loc":{"start":{"line":11,"column":21},"end":{"line":18,"column":3}},"line":11},"1":{"name":"(anonymous_1)","decl":{"start":{"line":20,"column":11},"end":{"line":20,"column":12}},"loc":{"start":{"line":20,"column":43},"end":{"line":35,"column":3}},"line":20},"2":{"name":"(anonymous_2)","decl":{"start":{"line":27,"column":12},"end":{"line":27,"column":13}},"loc":{"start":{"line":27,"column":20},"end":{"line":31,"column":7}},"line":27},"3":{"name":"(anonymous_3)","decl":{"start":{"line":31,"column":9},"end":{"line":31,"column":10}},"loc":{"start":{"line":31,"column":19},"end":{"line":34,"column":7}},"line":31},"4":{"name":"(anonymous_4)","decl":{"start":{"line":37,"column":2},"end":{"line":37,"column":3}},"loc":{"start":{"line":37,"column":11},"end":{"line":76,"column":3}},"line":37},"5":{"name":"(anonymous_5)","decl":{"start":{"line":47,"column":28},"end":{"line":47,"column":29}},"loc":{"start":{"line":47,"column":37},"end":{"line":47,"column":61}},"line":47},"6":{"name":"(anonymous_6)","decl":{"start":{"line":56,"column":28},"end":{"line":56,"column":29}},"loc":{"start":{"line":56,"column":40},"end":{"line":56,"column":67}},"line":56},"7":{"name":"(anonymous_7)","decl":{"start":{"line":65,"column":28},"end":{"line":65,"column":29}},"loc":{"start":{"line":65,"column":41},"end":{"line":65,"column":69}},"line":65},"8":{"name":"(anonymous_8)","decl":{"start":{"line":70,"column":68},"end":{"line":70,"column":69}},"loc":{"start":{"line":70,"column":74},"end":{"line":70,"column":146}},"line":70},"9":{"name":"(anonymous_9)","decl":{"start":{"line":73,"column":45},"end":{"line":73,"column":46}},"loc":{"start":{"line":73,"column":51},"end":{"line":73,"column":96}},"line":73}},"branchMap":{"0":{"loc":{"start":{"line":21,"column":4},"end":{"line":23,"column":5}},"type":"if","locations":[{"start":{"line":21,"column":4},"end":{"line":23,"column":5}},{"start":{"line":21,"column":4},"end":{"line":23,"column":5}}],"line":21}},"s":{"0":2,"1":1,"2":1,"3":1,"4":0,"5":0,"6":0,"7":0,"8":0,"9":0,"10":0,"11":1,"12":0,"13":0,"14":0,"15":0,"16":0,"17":2},"f":{"0":1,"1":0,"2":0,"3":0,"4":1,"5":0,"6":0,"7":0,"8":0,"9":0},"b":{"0":[0,0]},"_coverageSchema":"43e27e138ebf9cfc5966b082cf9a028302ed4184","hash":"37ce78b08332129e3824b0b1dc00981c2b7a7484"}
,"/Users/annatruelove/2wheeledTraveler/screens/SettingsScreen.js": {"path":"/Users/annatruelove/2wheeledTraveler/screens/SettingsScreen.js","statementMap":{"0":{"start":{"line":5,"column":31},"end":{"line":7,"column":5}},"1":{"start":{"line":9,"column":8},"end":{"line":15,"column":9}},"2":{"start":{"line":11,"column":31},"end":{"line":11,"column":76}},"3":{"start":{"line":12,"column":31},"end":{"line":12,"column":74}},"4":{"start":{"line":13,"column":31},"end":{"line":13,"column":78}}},"fnMap":{"0":{"name":"(anonymous_0)","decl":{"start":{"line":8,"column":4},"end":{"line":8,"column":5}},"loc":{"start":{"line":8,"column":12},"end":{"line":16,"column":5}},"line":8},"1":{"name":"(anonymous_1)","decl":{"start":{"line":11,"column":25},"end":{"line":11,"column":26}},"loc":{"start":{"line":11,"column":31},"end":{"line":11,"column":76}},"line":11},"2":{"name":"(anonymous_2)","decl":{"start":{"line":12,"column":25},"end":{"line":12,"column":26}},"loc":{"start":{"line":12,"column":31},"end":{"line":12,"column":74}},"line":12},"3":{"name":"(anonymous_3)","decl":{"start":{"line":13,"column":25},"end":{"line":13,"column":26}},"loc":{"start":{"line":13,"column":31},"end":{"line":13,"column":78}},"line":13}},"branchMap":{},"s":{"0":2,"1":1,"2":0,"3":0,"4":0},"f":{"0":1,"1":0,"2":0,"3":0},"b":{},"_coverageSchema":"43e27e138ebf9cfc5966b082cf9a028302ed4184","hash":"0b6b76f6db96e0e50ce744f5e11d4a2e05949a19"}
,"/Users/annatruelove/2wheeledTraveler/screens/SpeedScreen.js": {"path":"/Users/annatruelove/2wheeledTraveler/screens/SpeedScreen.js","statementMap":{"0":{"start":{"line":5,"column":31},"end":{"line":7,"column":5}},"1":{"start":{"line":9,"column":8},"end":{"line":13,"column":9}},"2":{"start":{"line":11,"column":31},"end":{"line":11,"column":79}}},"fnMap":{"0":{"name":"(anonymous_0)","decl":{"start":{"line":8,"column":4},"end":{"line":8,"column":5}},"loc":{"start":{"line":8,"column":12},"end":{"line":14,"column":5}},"line":8},"1":{"name":"(anonymous_1)","decl":{"start":{"line":11,"column":25},"end":{"line":11,"column":26}},"loc":{"start":{"line":11,"column":31},"end":{"line":11,"column":79}},"line":11}},"branchMap":{},"s":{"0":2,"1":1,"2":0},"f":{"0":1,"1":0},"b":{},"_coverageSchema":"43e27e138ebf9cfc5966b082cf9a028302ed4184","hash":"17d02bb52566cd716227d49fc730ef9cf55496b8"}
}
